<?xml version="1.0" encoding="UTF-8"?>
<!-- Generated by org.testng.reporters.JUnitReportReporter -->
<testsuite hostname="LAPTOP-OVPBOMVD" failures="0" tests="1" name="OrangeTestpkg.orangeloginpageTest" time="0.166" errors="0" timestamp="2024-10-27T23:25:42 IST" skipped="0">
  <testcase classname="OrangeTestpkg.orangeloginpageTest" name="login" time="0.166"/>
  <system-out/>
</testsuite> <!-- OrangeTestpkg.orangeloginpageTest -->
